
Log started (V12.7.0.0) Sun May 21 17:14:46 2017

CPLEX Error  1608: Line 14: Expected '+','-' or sense, found ':'.
No file read.
Warning, line 25: Characters after RHS value are ignored.
Warning, line 26: Characters after RHS value are ignored.
Warning, line 27: Characters after RHS value are ignored.
Warning, line 28: Characters after RHS value are ignored.
Warning, line 29: Characters after RHS value are ignored.
Warning, line 30: Characters after RHS value are ignored.
Warning, line 31: Characters after RHS value are ignored.
Warning, line 32: Characters after RHS value are ignored.
Warning, line 33: Characters after RHS value are ignored.

Problem 'ass2.lp' read.
Read time = 0.00 sec. (0.01 ticks)

Log started (V12.7.0.0) Sun May 21 17:13:40 2017

CPLEX Error  1608: Line 14: Expected '+','-' or sense, found ':'.
No file read.

Problem 'ass2.lp' read.
Read time = 0.00 sec. (0.01 ticks)
Tried aggregator 2 times.
MIP Presolve eliminated 61 rows and 42 columns.
Aggregator did 18 substitutions.
Reduced MIP has 13 rows, 37 columns, and 76 nonzeros.
Reduced MIP has 9 binaries, 0 generals, 0 SOSs, and 0 indicators.
Presolve time = 0.00 sec. (0.12 ticks)
Found incumbent of value 36.000000 after 0.00 sec. (0.15 ticks)
Probing time = 0.00 sec. (0.01 ticks)
Tried aggregator 2 times.
MIP Presolve eliminated 2 rows and 22 columns.
MIP Presolve added 1 rows and 1 columns.
Aggregator did 9 substitutions.
Reduced MIP has 3 rows, 7 columns, and 17 nonzeros.
Reduced MIP has 2 binaries, 4 generals, 0 SOSs, and 0 indicators.
Presolve time = 0.00 sec. (0.06 ticks)
Probing time = 0.00 sec. (0.00 ticks)
Tried aggregator 1 time.
MIP Presolve eliminated 1 rows and 1 columns.
MIP Presolve added 1 rows and 1 columns.
Reduced MIP has 3 rows, 7 columns, and 17 nonzeros.
Reduced MIP has 2 binaries, 4 generals, 0 SOSs, and 0 indicators.
Presolve time = 0.00 sec. (0.01 ticks)
Probing time = 0.00 sec. (0.00 ticks)
MIP emphasis: balance optimality and feasibility.
MIP search method: dynamic search.
Parallel mode: deterministic, using up to 8 threads.
Root relaxation solution time = 0.00 sec. (0.01 ticks)

        Nodes                                         Cuts/
   Node  Left     Objective  IInf  Best Integer    Best Bound    ItCnt     Gap

*     0+    0                           36.0000        8.0000            77.78%
*     0+    0                           12.0000        8.0000            33.33%
      0     0        9.0000     1       12.0000        9.0000        0   25.00%
*     0+    0                            9.2222        9.0000             2.41%
      0     0        9.0000     1        9.2222    MIRcuts: 1        2    2.41%
*     0     0      integral     0        9.0000       Cuts: 4        4    0.00%
      0     0        cutoff              9.0000        9.0000        4    0.00%
Elapsed time = 0.02 sec. (0.31 ticks, tree = 0.01 MB, solutions = 4)

Mixed integer rounding cuts applied:  3
Zero-half cuts applied:  1
Gomory fractional cuts applied:  1

Root node processing (before b&c):
  Real time             =    0.02 sec. (0.31 ticks)
Parallel b&c, 8 threads:
  Real time             =    0.00 sec. (0.00 ticks)
  Sync time (average)   =    0.00 sec.
  Wait time (average)   =    0.00 sec.
                          ------------
Total (root+branch&cut) =    0.02 sec. (0.31 ticks)

Solution pool: 4 solutions saved.

MIP - Integer optimal solution:  Objective =  9.0000000000e+00
Solution time =    0.02 sec.  Iterations = 4  Nodes = 0
Deterministic time = 0.31 ticks  (17.32 ticks/sec)


Incumbent solution
Variable Name           Solution Value
r                             9.000000

Incumbent solution
Variable Name           Solution Value
r                             9.000000
xS1T1D1                       0.444444
xS1T2D1                       0.444444
xS1T3D1                       0.444444
xS1T4D1                       0.666667
xS1T1D2                       0.666667
xS1T2D2                       0.666667
xS1T3D2                       0.666667
xS1T4D2                       1.000000
xS1T1D3                       0.888889
xS1T2D3                       0.888889
xS1T3D3                       0.888889
xS1T4D3                       1.333333
xS2T1D1                       1.000000
xS2T2D1                       1.000000
xS2T3D1                       1.000000
xS2T1D2                       0.888889
xS2T2D2                       0.888889
xS2T3D2                       0.888889
xS2T4D2                       1.333333
xS2T1D3                       1.111111
xS2T2D3                       1.111111
xS2T3D3                       1.111111
xS2T4D3                       1.666667
xS3T1D1                       0.888889
xS3T2D1                       0.888889
xS3T3D1                       0.888889
xS3T4D1                       1.333333
xS3T1D2                       1.111111
xS3T2D2                       1.111111
xS3T3D2                       1.111111
xS3T4D2                       1.666667
xS3T1D3                       2.000000
xS3T2D3                       2.000000
xS3T3D3                       2.000000
uS1T1D1                       1.000000
uS1T2D1                       1.000000
uS1T4D1                       1.000000
uS1T1D2                       1.000000
uS1T2D2                       1.000000
uS1T4D2                       1.000000
uS1T1D3                       1.000000
uS1T2D3                       1.000000
uS1T4D3                       1.000000
uS2T1D1                       1.000000
uS2T2D1                       1.000000
uS2T3D1                       1.000000
uS2T1D2                       1.000000
uS2T2D2                       1.000000
uS2T4D2                       1.000000
uS2T1D3                       1.000000
uS2T2D3                       1.000000
uS2T4D3                       1.000000
uS3T1D1                       1.000000
uS3T2D1                       1.000000
uS3T4D1                       1.000000
uS3T1D2                       1.000000
uS3T2D2                       1.000000
uS3T4D2                       1.000000
uS3T1D3                       1.000000
uS3T2D3                       1.000000
uS3T3D3                       1.000000
c11                           3.000000
c12                           3.000000
c13                           3.000000
c14                           3.000000
c21                           3.000000
c22                           3.000000
c23                           3.000000
c24                           4.000000
c31                           5.000000
c32                           5.000000
c33                           5.000000
c34                           3.000000
D11                           3.000000
D12                           3.000000
D13                           4.000000
D21                           3.000000
D22                           3.000000
D23                           4.000000
D31                           3.000000
D32                           3.000000
D33                           4.000000
D41                           3.000000
D42                           4.000000
D43                           3.000000
All other variables in the range 1-97 are 0.

Problem 'ass2.lp' read.
Read time = 0.00 sec. (0.07 ticks)
Tried aggregator 2 times.
MIP Presolve eliminated 442 rows and 343 columns.
Aggregator did 98 substitutions.
Reduced MIP has 56 rows, 344 columns, and 693 nonzeros.
Reduced MIP has 49 binaries, 0 generals, 0 SOSs, and 0 indicators.
Presolve time = 0.00 sec. (0.85 ticks)
Found incumbent of value 392.000000 after 0.00 sec. (1.11 ticks)
Probing time = 0.00 sec. (0.05 ticks)
Tried aggregator 2 times.
MIP Presolve eliminated 5 rows and 281 columns.
MIP Presolve added 1 rows and 1 columns.
Aggregator did 49 substitutions.
Reduced MIP has 3 rows, 15 columns, and 33 nonzeros.
Reduced MIP has 2 binaries, 12 generals, 0 SOSs, and 0 indicators.
Presolve time = 0.00 sec. (0.41 ticks)
Probing time = 0.00 sec. (0.00 ticks)
Tried aggregator 1 time.
MIP Presolve eliminated 1 rows and 1 columns.
MIP Presolve added 1 rows and 1 columns.
Reduced MIP has 3 rows, 15 columns, and 33 nonzeros.
Reduced MIP has 2 binaries, 12 generals, 0 SOSs, and 0 indicators.
Presolve time = 0.00 sec. (0.02 ticks)
Probing time = 0.00 sec. (0.00 ticks)
MIP emphasis: balance optimality and feasibility.
MIP search method: dynamic search.
Parallel mode: deterministic, using up to 8 threads.
Root relaxation solution time = 0.00 sec. (0.01 ticks)

        Nodes                                         Cuts/
   Node  Left     Objective  IInf  Best Integer    Best Bound    ItCnt     Gap

*     0+    0                          392.0000       43.5556            88.89%
*     0+    0                          130.6667       43.5556            66.67%
*     0     0      integral     0       56.0000       56.0000        0    0.00%
Elapsed time = 0.01 sec. (1.73 ticks, tree = 0.00 MB, solutions = 3)

Root node processing (before b&c):
  Real time             =    0.01 sec. (1.77 ticks)
Parallel b&c, 8 threads:
  Real time             =    0.00 sec. (0.00 ticks)
  Sync time (average)   =    0.00 sec.
  Wait time (average)   =    0.00 sec.
                          ------------
Total (root+branch&cut) =    0.01 sec. (1.77 ticks)

Solution pool: 3 solutions saved.

MIP - Integer optimal solution:  Objective =  5.6000000000e+01
Solution time =    0.01 sec.  Iterations = 0  Nodes = 0
Deterministic time = 1.77 ticks  (171.12 ticks/sec)


Log started (V12.7.0.0) Sun May 21 17:31:51 2017


Problem 'ass2.lp' read.
Read time = 0.00 sec. (0.01 ticks)
Tried aggregator 2 times.
MIP Presolve eliminated 61 rows and 42 columns.
Aggregator did 18 substitutions.
Reduced MIP has 13 rows, 37 columns, and 76 nonzeros.
Reduced MIP has 9 binaries, 0 generals, 0 SOSs, and 0 indicators.
Presolve time = 0.00 sec. (0.12 ticks)
Found incumbent of value 36.000000 after 0.00 sec. (0.15 ticks)
Probing time = 0.00 sec. (0.01 ticks)
Tried aggregator 2 times.
MIP Presolve eliminated 2 rows and 22 columns.
MIP Presolve added 1 rows and 1 columns.
Aggregator did 9 substitutions.
Reduced MIP has 3 rows, 7 columns, and 17 nonzeros.
Reduced MIP has 2 binaries, 4 generals, 0 SOSs, and 0 indicators.
Presolve time = 0.00 sec. (0.06 ticks)
Probing time = 0.00 sec. (0.00 ticks)
Tried aggregator 1 time.
MIP Presolve eliminated 1 rows and 1 columns.
MIP Presolve added 1 rows and 1 columns.
Reduced MIP has 3 rows, 7 columns, and 17 nonzeros.
Reduced MIP has 2 binaries, 4 generals, 0 SOSs, and 0 indicators.
Presolve time = 0.00 sec. (0.01 ticks)
Probing time = 0.00 sec. (0.00 ticks)
MIP emphasis: balance optimality and feasibility.
MIP search method: dynamic search.
Parallel mode: deterministic, using up to 8 threads.
Root relaxation solution time = 0.00 sec. (0.01 ticks)

        Nodes                                         Cuts/
   Node  Left     Objective  IInf  Best Integer    Best Bound    ItCnt     Gap

*     0+    0                           36.0000        8.0000            77.78%
*     0+    0                           12.0000        8.0000            33.33%
      0     0        9.0000     1       12.0000        9.0000        0   25.00%
*     0+    0                            9.2222        9.0000             2.41%
      0     0        9.0000     1        9.2222    MIRcuts: 1        2    2.41%
*     0     0      integral     0        9.0000       Cuts: 4        4    0.00%
      0     0        cutoff              9.0000        9.0000        4    0.00%
Elapsed time = 0.07 sec. (0.31 ticks, tree = 0.01 MB, solutions = 4)

Mixed integer rounding cuts applied:  3
Zero-half cuts applied:  1
Gomory fractional cuts applied:  1

Root node processing (before b&c):
  Real time             =    0.07 sec. (0.31 ticks)
Parallel b&c, 8 threads:
  Real time             =    0.00 sec. (0.00 ticks)
  Sync time (average)   =    0.00 sec.
  Wait time (average)   =    0.00 sec.
                          ------------
Total (root+branch&cut) =    0.07 sec. (0.31 ticks)

Solution pool: 4 solutions saved.

MIP - Integer optimal solution:  Objective =  9.0000000000e+00
Solution time =    0.07 sec.  Iterations = 4  Nodes = 0
Deterministic time = 0.31 ticks  (4.60 ticks/sec)


Incumbent solution
Variable Name           Solution Value
r                             9.000000
xS1T1D1                       0.444444
xS1T2D1                       0.444444
xS1T3D1                       0.444444
xS1T4D1                       0.666667
xS1T1D2                       0.666667
xS1T2D2                       0.666667
xS1T3D2                       0.666667
xS1T4D2                       1.000000
xS1T1D3                       0.888889
xS1T2D3                       0.888889
xS1T3D3                       0.888889
xS1T4D3                       1.333333
xS2T1D1                       1.000000
xS2T2D1                       1.000000
xS2T3D1                       1.000000
xS2T1D2                       0.888889
xS2T2D2                       0.888889
xS2T3D2                       0.888889
xS2T4D2                       1.333333
xS2T1D3                       1.111111
xS2T2D3                       1.111111
xS2T3D3                       1.111111
xS2T4D3                       1.666667
xS3T1D1                       0.888889
xS3T2D1                       0.888889
xS3T3D1                       0.888889
xS3T4D1                       1.333333
xS3T1D2                       1.111111
xS3T2D2                       1.111111
xS3T3D2                       1.111111
xS3T4D2                       1.666667
xS3T1D3                       2.000000
xS3T2D3                       2.000000
xS3T3D3                       2.000000
uS1T1D1                       1.000000
uS1T2D1                       1.000000
uS1T4D1                       1.000000
uS1T1D2                       1.000000
uS1T2D2                       1.000000
uS1T4D2                       1.000000
uS1T1D3                       1.000000
uS1T2D3                       1.000000
uS1T4D3                       1.000000
uS2T1D1                       1.000000
uS2T2D1                       1.000000
uS2T3D1                       1.000000
uS2T1D2                       1.000000
uS2T2D2                       1.000000
uS2T4D2                       1.000000
uS2T1D3                       1.000000
uS2T2D3                       1.000000
uS2T4D3                       1.000000
uS3T1D1                       1.000000
uS3T2D1                       1.000000
uS3T4D1                       1.000000
uS3T1D2                       1.000000
uS3T2D2                       1.000000
uS3T4D2                       1.000000
uS3T1D3                       1.000000
uS3T2D3                       1.000000
uS3T3D3                       1.000000
c11                           3.000000
c12                           3.000000
c13                           3.000000
c14                           3.000000
c21                           3.000000
c22                           3.000000
c23                           3.000000
c24                           4.000000
c31                           5.000000
c32                           5.000000
c33                           5.000000
c34                           3.000000
D11                           3.000000
D12                           3.000000
D13                           4.000000
D21                           3.000000
D22                           3.000000
D23                           4.000000
D31                           3.000000
D32                           3.000000
D33                           4.000000
D41                           3.000000
D42                           4.000000
D43                           3.000000
All other variables in the range 1-97 are 0.

Log started (V12.7.0.0) Sun May 21 17:32:14 2017


Problem 'ass2.lp' read.
Read time = 0.00 sec. (0.01 ticks)
Tried aggregator 2 times.
MIP Presolve eliminated 61 rows and 42 columns.
Aggregator did 18 substitutions.
Reduced MIP has 13 rows, 37 columns, and 76 nonzeros.
Reduced MIP has 9 binaries, 0 generals, 0 SOSs, and 0 indicators.
Presolve time = 0.00 sec. (0.12 ticks)
Found incumbent of value 36.000000 after 0.00 sec. (0.15 ticks)
Probing time = 0.00 sec. (0.01 ticks)
Tried aggregator 2 times.
MIP Presolve eliminated 2 rows and 22 columns.
MIP Presolve added 1 rows and 1 columns.
Aggregator did 9 substitutions.
Reduced MIP has 3 rows, 7 columns, and 17 nonzeros.
Reduced MIP has 2 binaries, 4 generals, 0 SOSs, and 0 indicators.
Presolve time = 0.00 sec. (0.06 ticks)
Probing time = 0.00 sec. (0.00 ticks)
Tried aggregator 1 time.
MIP Presolve eliminated 1 rows and 1 columns.
MIP Presolve added 1 rows and 1 columns.
Reduced MIP has 3 rows, 7 columns, and 17 nonzeros.
Reduced MIP has 2 binaries, 4 generals, 0 SOSs, and 0 indicators.
Presolve time = 0.00 sec. (0.01 ticks)
Probing time = 0.00 sec. (0.00 ticks)
MIP emphasis: balance optimality and feasibility.
MIP search method: dynamic search.
Parallel mode: deterministic, using up to 8 threads.
Root relaxation solution time = 0.00 sec. (0.01 ticks)

        Nodes                                         Cuts/
   Node  Left     Objective  IInf  Best Integer    Best Bound    ItCnt     Gap

*     0+    0                           36.0000        8.0000            77.78%
*     0+    0                           12.0000        8.0000            33.33%
      0     0        9.0000     1       12.0000        9.0000        0   25.00%
*     0+    0                            9.2222        9.0000             2.41%
      0     0        9.0000     1        9.2222    MIRcuts: 1        2    2.41%
*     0     0      integral     0        9.0000       Cuts: 4        4    0.00%
      0     0        cutoff              9.0000        9.0000        4    0.00%
Elapsed time = 0.17 sec. (0.31 ticks, tree = 0.01 MB, solutions = 4)

Mixed integer rounding cuts applied:  3
Zero-half cuts applied:  1
Gomory fractional cuts applied:  1

Root node processing (before b&c):
  Real time             =    0.17 sec. (0.31 ticks)
Parallel b&c, 8 threads:
  Real time             =    0.00 sec. (0.00 ticks)
  Sync time (average)   =    0.00 sec.
  Wait time (average)   =    0.00 sec.
                          ------------
Total (root+branch&cut) =    0.17 sec. (0.31 ticks)

Solution pool: 4 solutions saved.

MIP - Integer optimal solution:  Objective =  9.0000000000e+00
Solution time =    0.17 sec.  Iterations = 4  Nodes = 0
Deterministic time = 0.31 ticks  (1.87 ticks/sec)


Incumbent solution
Variable Name           Solution Value
r                             9.000000
xS1T1D1                       0.444444
xS1T2D1                       0.444444
xS1T3D1                       0.444444
xS1T4D1                       0.666667
xS1T1D2                       0.666667
xS1T2D2                       0.666667
xS1T3D2                       0.666667
xS1T4D2                       1.000000
xS1T1D3                       0.888889
xS1T2D3                       0.888889
xS1T3D3                       0.888889
xS1T4D3                       1.333333
xS2T1D1                       1.000000
xS2T2D1                       1.000000
xS2T3D1                       1.000000
xS2T1D2                       0.888889
xS2T2D2                       0.888889
xS2T3D2                       0.888889
xS2T4D2                       1.333333
xS2T1D3                       1.111111
xS2T2D3                       1.111111
xS2T3D3                       1.111111
xS2T4D3                       1.666667
xS3T1D1                       0.888889
xS3T2D1                       0.888889
xS3T3D1                       0.888889
xS3T4D1                       1.333333
xS3T1D2                       1.111111
xS3T2D2                       1.111111
xS3T3D2                       1.111111
xS3T4D2                       1.666667
xS3T1D3                       2.000000
xS3T2D3                       2.000000
xS3T3D3                       2.000000
uS1T1D1                       1.000000
uS1T2D1                       1.000000
uS1T4D1                       1.000000
uS1T1D2                       1.000000
uS1T2D2                       1.000000
uS1T4D2                       1.000000
uS1T1D3                       1.000000
uS1T2D3                       1.000000
uS1T4D3                       1.000000
uS2T1D1                       1.000000
uS2T2D1                       1.000000
uS2T3D1                       1.000000
uS2T1D2                       1.000000
uS2T2D2                       1.000000
uS2T4D2                       1.000000
uS2T1D3                       1.000000
uS2T2D3                       1.000000
uS2T4D3                       1.000000
uS3T1D1                       1.000000
uS3T2D1                       1.000000
uS3T4D1                       1.000000
uS3T1D2                       1.000000
uS3T2D2                       1.000000
uS3T4D2                       1.000000
uS3T1D3                       1.000000
uS3T2D3                       1.000000
uS3T3D3                       1.000000
c11                           3.000000
c12                           3.000000
c13                           3.000000
c14                           3.000000
c21                           3.000000
c22                           3.000000
c23                           3.000000
c24                           4.000000
c31                           5.000000
c32                           5.000000
c33                           5.000000
c34                           3.000000
D11                           3.000000
D12                           3.000000
D13                           4.000000
D21                           3.000000
D22                           3.000000
D23                           4.000000
D31                           3.000000
D32                           3.000000
D33                           4.000000
D41                           3.000000
D42                           4.000000
D43                           3.000000
All other variables in the range 1-97 are 0.

Log started (V12.7.0.0) Sun May 21 17:34:26 2017


Problem 'ass2.lp' read.
Read time = 0.00 sec. (0.01 ticks)
Tried aggregator 2 times.
MIP Presolve eliminated 61 rows and 42 columns.
Aggregator did 18 substitutions.
Reduced MIP has 13 rows, 37 columns, and 76 nonzeros.
Reduced MIP has 9 binaries, 0 generals, 0 SOSs, and 0 indicators.
Presolve time = 0.00 sec. (0.12 ticks)
Found incumbent of value 36.000000 after 0.00 sec. (0.15 ticks)
Probing time = 0.00 sec. (0.01 ticks)
Tried aggregator 2 times.
MIP Presolve eliminated 2 rows and 22 columns.
MIP Presolve added 1 rows and 1 columns.
Aggregator did 9 substitutions.
Reduced MIP has 3 rows, 7 columns, and 17 nonzeros.
Reduced MIP has 2 binaries, 4 generals, 0 SOSs, and 0 indicators.
Presolve time = 0.00 sec. (0.06 ticks)
Probing time = 0.00 sec. (0.00 ticks)
Tried aggregator 1 time.
MIP Presolve eliminated 1 rows and 1 columns.
MIP Presolve added 1 rows and 1 columns.
Reduced MIP has 3 rows, 7 columns, and 17 nonzeros.
Reduced MIP has 2 binaries, 4 generals, 0 SOSs, and 0 indicators.
Presolve time = 0.00 sec. (0.01 ticks)
Probing time = 0.00 sec. (0.00 ticks)
MIP emphasis: balance optimality and feasibility.
MIP search method: dynamic search.
Parallel mode: deterministic, using up to 8 threads.
Root relaxation solution time = 0.00 sec. (0.01 ticks)

        Nodes                                         Cuts/
   Node  Left     Objective  IInf  Best Integer    Best Bound    ItCnt     Gap

*     0+    0                           36.0000        8.0000            77.78%
*     0+    0                           12.0000        8.0000            33.33%
      0     0        9.0000     1       12.0000        9.0000        0   25.00%
*     0+    0                            9.2222        9.0000             2.41%
      0     0        9.0000     1        9.2222    MIRcuts: 1        2    2.41%
*     0     0      integral     0        9.0000       Cuts: 4        4    0.00%
      0     0        cutoff              9.0000        9.0000        4    0.00%
Elapsed time = 0.02 sec. (0.31 ticks, tree = 0.01 MB, solutions = 4)

Mixed integer rounding cuts applied:  3
Zero-half cuts applied:  1
Gomory fractional cuts applied:  1

Root node processing (before b&c):
  Real time             =    0.02 sec. (0.31 ticks)
Parallel b&c, 8 threads:
  Real time             =    0.00 sec. (0.00 ticks)
  Sync time (average)   =    0.00 sec.
  Wait time (average)   =    0.00 sec.
                          ------------
Total (root+branch&cut) =    0.02 sec. (0.31 ticks)

Solution pool: 4 solutions saved.

MIP - Integer optimal solution:  Objective =  9.0000000000e+00
Solution time =    0.02 sec.  Iterations = 4  Nodes = 0
Deterministic time = 0.31 ticks  (13.23 ticks/sec)


Log started (V12.7.0.0) Sun May 21 17:34:36 2017


Problem 'ass2.lp' read.
Read time = 0.00 sec. (0.01 ticks)
Tried aggregator 2 times.
MIP Presolve eliminated 61 rows and 42 columns.
Aggregator did 18 substitutions.
Reduced MIP has 13 rows, 37 columns, and 76 nonzeros.
Reduced MIP has 9 binaries, 0 generals, 0 SOSs, and 0 indicators.
Presolve time = 0.00 sec. (0.12 ticks)
Found incumbent of value 36.000000 after 0.00 sec. (0.15 ticks)
Probing time = 0.00 sec. (0.01 ticks)
Tried aggregator 2 times.
MIP Presolve eliminated 2 rows and 22 columns.
MIP Presolve added 1 rows and 1 columns.
Aggregator did 9 substitutions.
Reduced MIP has 3 rows, 7 columns, and 17 nonzeros.
Reduced MIP has 2 binaries, 4 generals, 0 SOSs, and 0 indicators.
Presolve time = 0.00 sec. (0.06 ticks)
Probing time = 0.00 sec. (0.00 ticks)
Tried aggregator 1 time.
MIP Presolve eliminated 1 rows and 1 columns.
MIP Presolve added 1 rows and 1 columns.
Reduced MIP has 3 rows, 7 columns, and 17 nonzeros.
Reduced MIP has 2 binaries, 4 generals, 0 SOSs, and 0 indicators.
Presolve time = 0.00 sec. (0.01 ticks)
Probing time = 0.00 sec. (0.00 ticks)
MIP emphasis: balance optimality and feasibility.
MIP search method: dynamic search.
Parallel mode: deterministic, using up to 8 threads.
Root relaxation solution time = 0.00 sec. (0.01 ticks)

        Nodes                                         Cuts/
   Node  Left     Objective  IInf  Best Integer    Best Bound    ItCnt     Gap

*     0+    0                           36.0000        8.0000            77.78%
*     0+    0                           12.0000        8.0000            33.33%
      0     0        9.0000     1       12.0000        9.0000        0   25.00%
*     0+    0                            9.2222        9.0000             2.41%
      0     0        9.0000     1        9.2222    MIRcuts: 1        2    2.41%
*     0     0      integral     0        9.0000       Cuts: 4        4    0.00%
      0     0        cutoff              9.0000        9.0000        4    0.00%
Elapsed time = 0.03 sec. (0.31 ticks, tree = 0.01 MB, solutions = 4)

Mixed integer rounding cuts applied:  3
Zero-half cuts applied:  1
Gomory fractional cuts applied:  1

Root node processing (before b&c):
  Real time             =    0.03 sec. (0.31 ticks)
Parallel b&c, 8 threads:
  Real time             =    0.00 sec. (0.00 ticks)
  Sync time (average)   =    0.00 sec.
  Wait time (average)   =    0.00 sec.
                          ------------
Total (root+branch&cut) =    0.03 sec. (0.31 ticks)

Solution pool: 4 solutions saved.

MIP - Integer optimal solution:  Objective =  9.0000000000e+00
Solution time =    0.03 sec.  Iterations = 4  Nodes = 0
Deterministic time = 0.31 ticks  (9.09 ticks/sec)

Not available for mixed integer problems.
Use CHANGE PROBLEM to change problem type.

Log started (V12.7.0.0) Sun May 21 17:34:52 2017


Problem 'ass2.lp' read.
Read time = 0.00 sec. (0.01 ticks)
Tried aggregator 2 times.
MIP Presolve eliminated 61 rows and 42 columns.
Aggregator did 18 substitutions.
Reduced MIP has 13 rows, 37 columns, and 76 nonzeros.
Reduced MIP has 9 binaries, 0 generals, 0 SOSs, and 0 indicators.
Presolve time = 0.00 sec. (0.12 ticks)
Found incumbent of value 36.000000 after 0.00 sec. (0.15 ticks)
Probing time = 0.00 sec. (0.01 ticks)
Tried aggregator 2 times.
MIP Presolve eliminated 2 rows and 22 columns.
MIP Presolve added 1 rows and 1 columns.
Aggregator did 9 substitutions.
Reduced MIP has 3 rows, 7 columns, and 17 nonzeros.
Reduced MIP has 2 binaries, 4 generals, 0 SOSs, and 0 indicators.
Presolve time = 0.00 sec. (0.06 ticks)
Probing time = 0.00 sec. (0.00 ticks)
Tried aggregator 1 time.
MIP Presolve eliminated 1 rows and 1 columns.
MIP Presolve added 1 rows and 1 columns.
Reduced MIP has 3 rows, 7 columns, and 17 nonzeros.
Reduced MIP has 2 binaries, 4 generals, 0 SOSs, and 0 indicators.
Presolve time = 0.00 sec. (0.01 ticks)
Probing time = 0.00 sec. (0.00 ticks)
MIP emphasis: balance optimality and feasibility.
MIP search method: dynamic search.
Parallel mode: deterministic, using up to 8 threads.
Root relaxation solution time = 0.00 sec. (0.01 ticks)

        Nodes                                         Cuts/
   Node  Left     Objective  IInf  Best Integer    Best Bound    ItCnt     Gap

*     0+    0                           36.0000        8.0000            77.78%
*     0+    0                           12.0000        8.0000            33.33%
      0     0        9.0000     1       12.0000        9.0000        0   25.00%
*     0+    0                            9.2222        9.0000             2.41%
      0     0        9.0000     1        9.2222    MIRcuts: 1        2    2.41%
*     0     0      integral     0        9.0000       Cuts: 4        4    0.00%
      0     0        cutoff              9.0000        9.0000        4    0.00%
Elapsed time = 0.05 sec. (0.31 ticks, tree = 0.01 MB, solutions = 4)

Mixed integer rounding cuts applied:  3
Zero-half cuts applied:  1
Gomory fractional cuts applied:  1

Root node processing (before b&c):
  Real time             =    0.05 sec. (0.31 ticks)
Parallel b&c, 8 threads:
  Real time             =    0.00 sec. (0.00 ticks)
  Sync time (average)   =    0.00 sec.
  Wait time (average)   =    0.00 sec.
                          ------------
Total (root+branch&cut) =    0.05 sec. (0.31 ticks)

Solution pool: 4 solutions saved.

MIP - Integer optimal solution:  Objective =  9.0000000000e+00
Solution time =    0.06 sec.  Iterations = 4  Nodes = 0
Deterministic time = 0.31 ticks  (5.62 ticks/sec)


Incumbent solution
Variable Name           Solution Value
r                             9.000000

Log started (V12.7.0.0) Sun May 21 17:35:06 2017


Problem 'ass2.lp' read.
Read time = 0.01 sec. (0.01 ticks)
Tried aggregator 2 times.
MIP Presolve eliminated 61 rows and 42 columns.
Aggregator did 18 substitutions.
Reduced MIP has 13 rows, 37 columns, and 76 nonzeros.
Reduced MIP has 9 binaries, 0 generals, 0 SOSs, and 0 indicators.
Presolve time = 0.00 sec. (0.12 ticks)
Found incumbent of value 36.000000 after 0.00 sec. (0.15 ticks)
Probing time = 0.00 sec. (0.01 ticks)
Tried aggregator 2 times.
MIP Presolve eliminated 2 rows and 22 columns.
MIP Presolve added 1 rows and 1 columns.
Aggregator did 9 substitutions.
Reduced MIP has 3 rows, 7 columns, and 17 nonzeros.
Reduced MIP has 2 binaries, 4 generals, 0 SOSs, and 0 indicators.
Presolve time = 0.00 sec. (0.06 ticks)
Probing time = 0.00 sec. (0.00 ticks)
Tried aggregator 1 time.
MIP Presolve eliminated 1 rows and 1 columns.
MIP Presolve added 1 rows and 1 columns.
Reduced MIP has 3 rows, 7 columns, and 17 nonzeros.
Reduced MIP has 2 binaries, 4 generals, 0 SOSs, and 0 indicators.
Presolve time = 0.00 sec. (0.01 ticks)
Probing time = 0.00 sec. (0.00 ticks)
MIP emphasis: balance optimality and feasibility.
MIP search method: dynamic search.
Parallel mode: deterministic, using up to 8 threads.
Root relaxation solution time = 0.00 sec. (0.01 ticks)

        Nodes                                         Cuts/
   Node  Left     Objective  IInf  Best Integer    Best Bound    ItCnt     Gap

*     0+    0                           36.0000        8.0000            77.78%
*     0+    0                           12.0000        8.0000            33.33%
      0     0        9.0000     1       12.0000        9.0000        0   25.00%
*     0+    0                            9.2222        9.0000             2.41%
      0     0        9.0000     1        9.2222    MIRcuts: 1        2    2.41%
*     0     0      integral     0        9.0000       Cuts: 4        4    0.00%
      0     0        cutoff              9.0000        9.0000        4    0.00%
Elapsed time = 0.03 sec. (0.31 ticks, tree = 0.01 MB, solutions = 4)

Mixed integer rounding cuts applied:  3
Zero-half cuts applied:  1
Gomory fractional cuts applied:  1

Root node processing (before b&c):
  Real time             =    0.03 sec. (0.31 ticks)
Parallel b&c, 8 threads:
  Real time             =    0.00 sec. (0.00 ticks)
  Sync time (average)   =    0.00 sec.
  Wait time (average)   =    0.00 sec.
                          ------------
Total (root+branch&cut) =    0.03 sec. (0.31 ticks)

Solution pool: 4 solutions saved.

MIP - Integer optimal solution:  Objective =  9.0000000000e+00
Solution time =    0.03 sec.  Iterations = 4  Nodes = 0
Deterministic time = 0.31 ticks  (10.31 ticks/sec)


Incumbent solution
Variable Name           Solution Value
r                             9.000000

Log started (V12.7.0.0) Sun May 21 17:35:21 2017


Problem 'ass2.lp' read.
Read time = 0.00 sec. (0.01 ticks)
Tried aggregator 2 times.
MIP Presolve eliminated 61 rows and 42 columns.
Aggregator did 18 substitutions.
Reduced MIP has 13 rows, 37 columns, and 76 nonzeros.
Reduced MIP has 9 binaries, 0 generals, 0 SOSs, and 0 indicators.
Presolve time = 0.00 sec. (0.12 ticks)
Found incumbent of value 36.000000 after 0.00 sec. (0.15 ticks)
Probing time = 0.00 sec. (0.01 ticks)
Tried aggregator 2 times.
MIP Presolve eliminated 2 rows and 22 columns.
MIP Presolve added 1 rows and 1 columns.
Aggregator did 9 substitutions.
Reduced MIP has 3 rows, 7 columns, and 17 nonzeros.
Reduced MIP has 2 binaries, 4 generals, 0 SOSs, and 0 indicators.
Presolve time = 0.00 sec. (0.06 ticks)
Probing time = 0.00 sec. (0.00 ticks)
Tried aggregator 1 time.
MIP Presolve eliminated 1 rows and 1 columns.
MIP Presolve added 1 rows and 1 columns.
Reduced MIP has 3 rows, 7 columns, and 17 nonzeros.
Reduced MIP has 2 binaries, 4 generals, 0 SOSs, and 0 indicators.
Presolve time = 0.00 sec. (0.01 ticks)
Probing time = 0.00 sec. (0.00 ticks)
MIP emphasis: balance optimality and feasibility.
MIP search method: dynamic search.
Parallel mode: deterministic, using up to 8 threads.
Root relaxation solution time = 0.00 sec. (0.01 ticks)

        Nodes                                         Cuts/
   Node  Left     Objective  IInf  Best Integer    Best Bound    ItCnt     Gap

*     0+    0                           36.0000        8.0000            77.78%
*     0+    0                           12.0000        8.0000            33.33%
      0     0        9.0000     1       12.0000        9.0000        0   25.00%
*     0+    0                            9.2222        9.0000             2.41%
      0     0        9.0000     1        9.2222    MIRcuts: 1        2    2.41%
*     0     0      integral     0        9.0000       Cuts: 4        4    0.00%
      0     0        cutoff              9.0000        9.0000        4    0.00%
Elapsed time = 0.03 sec. (0.31 ticks, tree = 0.01 MB, solutions = 4)

Mixed integer rounding cuts applied:  3
Zero-half cuts applied:  1
Gomory fractional cuts applied:  1

Root node processing (before b&c):
  Real time             =    0.03 sec. (0.31 ticks)
Parallel b&c, 8 threads:
  Real time             =    0.00 sec. (0.00 ticks)
  Sync time (average)   =    0.00 sec.
  Wait time (average)   =    0.00 sec.
                          ------------
Total (root+branch&cut) =    0.03 sec. (0.31 ticks)

Solution pool: 4 solutions saved.

MIP - Integer optimal solution:  Objective =  9.0000000000e+00
Solution time =    0.03 sec.  Iterations = 4  Nodes = 0
Deterministic time = 0.31 ticks  (10.63 ticks/sec)


Incumbent solution
Variable Name           Solution Value
r                             9.000000

Log started (V12.7.0.0) Sun May 21 17:36:17 2017


Problem 'ass2.lp' read.
Read time = 0.00 sec. (0.01 ticks)
Tried aggregator 2 times.
MIP Presolve eliminated 61 rows and 42 columns.
Aggregator did 18 substitutions.
Reduced MIP has 13 rows, 37 columns, and 76 nonzeros.
Reduced MIP has 9 binaries, 0 generals, 0 SOSs, and 0 indicators.
Presolve time = 0.00 sec. (0.12 ticks)
Found incumbent of value 36.000000 after 0.00 sec. (0.15 ticks)
Probing time = 0.00 sec. (0.01 ticks)
Tried aggregator 2 times.
MIP Presolve eliminated 2 rows and 22 columns.
MIP Presolve added 1 rows and 1 columns.
Aggregator did 9 substitutions.
Reduced MIP has 3 rows, 7 columns, and 17 nonzeros.
Reduced MIP has 2 binaries, 4 generals, 0 SOSs, and 0 indicators.
Presolve time = 0.00 sec. (0.06 ticks)
Probing time = 0.00 sec. (0.00 ticks)
Tried aggregator 1 time.
MIP Presolve eliminated 1 rows and 1 columns.
MIP Presolve added 1 rows and 1 columns.
Reduced MIP has 3 rows, 7 columns, and 17 nonzeros.
Reduced MIP has 2 binaries, 4 generals, 0 SOSs, and 0 indicators.
Presolve time = 0.00 sec. (0.01 ticks)
Probing time = 0.00 sec. (0.00 ticks)
MIP emphasis: balance optimality and feasibility.
MIP search method: dynamic search.
Parallel mode: deterministic, using up to 8 threads.
Root relaxation solution time = 0.00 sec. (0.01 ticks)

        Nodes                                         Cuts/
   Node  Left     Objective  IInf  Best Integer    Best Bound    ItCnt     Gap

*     0+    0                           36.0000        8.0000            77.78%
*     0+    0                           12.0000        8.0000            33.33%
      0     0        9.0000     1       12.0000        9.0000        0   25.00%
*     0+    0                            9.2222        9.0000             2.41%
      0     0        9.0000     1        9.2222    MIRcuts: 1        2    2.41%
*     0     0      integral     0        9.0000       Cuts: 4        4    0.00%
      0     0        cutoff              9.0000        9.0000        4    0.00%
Elapsed time = 0.03 sec. (0.31 ticks, tree = 0.01 MB, solutions = 4)

Mixed integer rounding cuts applied:  3
Zero-half cuts applied:  1
Gomory fractional cuts applied:  1

Root node processing (before b&c):
  Real time             =    0.03 sec. (0.31 ticks)
Parallel b&c, 8 threads:
  Real time             =    0.00 sec. (0.00 ticks)
  Sync time (average)   =    0.00 sec.
  Wait time (average)   =    0.00 sec.
                          ------------
Total (root+branch&cut) =    0.03 sec. (0.31 ticks)

Solution pool: 4 solutions saved.

MIP - Integer optimal solution:  Objective =  9.0000000000e+00
Solution time =    0.03 sec.  Iterations = 4  Nodes = 0
Deterministic time = 0.31 ticks  (9.85 ticks/sec)


Incumbent solution
Variable Name           Solution Value
r                             9.000000

Log started (V12.7.0.0) Sun May 21 17:36:44 2017


Problem 'ass2.lp' read.
Read time = 0.01 sec. (0.01 ticks)
Tried aggregator 2 times.
MIP Presolve eliminated 61 rows and 42 columns.
Aggregator did 18 substitutions.
Reduced MIP has 13 rows, 37 columns, and 76 nonzeros.
Reduced MIP has 9 binaries, 0 generals, 0 SOSs, and 0 indicators.
Presolve time = 0.00 sec. (0.12 ticks)
Found incumbent of value 36.000000 after 0.00 sec. (0.15 ticks)
Probing time = 0.00 sec. (0.01 ticks)
Tried aggregator 2 times.
MIP Presolve eliminated 2 rows and 22 columns.
MIP Presolve added 1 rows and 1 columns.
Aggregator did 9 substitutions.
Reduced MIP has 3 rows, 7 columns, and 17 nonzeros.
Reduced MIP has 2 binaries, 4 generals, 0 SOSs, and 0 indicators.
Presolve time = 0.00 sec. (0.06 ticks)
Probing time = 0.00 sec. (0.00 ticks)
Tried aggregator 1 time.
MIP Presolve eliminated 1 rows and 1 columns.
MIP Presolve added 1 rows and 1 columns.
Reduced MIP has 3 rows, 7 columns, and 17 nonzeros.
Reduced MIP has 2 binaries, 4 generals, 0 SOSs, and 0 indicators.
Presolve time = 0.00 sec. (0.01 ticks)
Probing time = 0.00 sec. (0.00 ticks)
MIP emphasis: balance optimality and feasibility.
MIP search method: dynamic search.
Parallel mode: deterministic, using up to 8 threads.
Root relaxation solution time = 0.00 sec. (0.01 ticks)

        Nodes                                         Cuts/
   Node  Left     Objective  IInf  Best Integer    Best Bound    ItCnt     Gap

*     0+    0                           36.0000        8.0000            77.78%
*     0+    0                           12.0000        8.0000            33.33%
      0     0        9.0000     1       12.0000        9.0000        0   25.00%
*     0+    0                            9.2222        9.0000             2.41%
      0     0        9.0000     1        9.2222    MIRcuts: 1        2    2.41%
*     0     0      integral     0        9.0000       Cuts: 4        4    0.00%
      0     0        cutoff              9.0000        9.0000        4    0.00%
Elapsed time = 0.02 sec. (0.31 ticks, tree = 0.01 MB, solutions = 4)

Mixed integer rounding cuts applied:  3
Zero-half cuts applied:  1
Gomory fractional cuts applied:  1

Root node processing (before b&c):
  Real time             =    0.02 sec. (0.31 ticks)
Parallel b&c, 8 threads:
  Real time             =    0.00 sec. (0.00 ticks)
  Sync time (average)   =    0.00 sec.
  Wait time (average)   =    0.00 sec.
                          ------------
Total (root+branch&cut) =    0.02 sec. (0.31 ticks)

Solution pool: 4 solutions saved.

MIP - Integer optimal solution:  Objective =  9.0000000000e+00
Solution time =    0.02 sec.  Iterations = 4  Nodes = 0
Deterministic time = 0.31 ticks  (12.51 ticks/sec)


Incumbent solution
Variable Name           Solution Value
r                             9.000000
